
viptela 19.3.0 

vsmart login: admin
Password: 
Welcome to Viptela CLI
admin connected from 127.0.0.1 using console on vsmart
vsmart# sh run
system
 host-name             vsmart
 system-ip             1.0.0.4
 site-id               100
 admin-tech-on-failure
 sp-organization-name  IMANMTZ
 organization-name     IMANMTZ
 vbond 10.0.0.2
 aaa
  auth-order local radius tacacs
  usergroup basic
   task system read write
   task interface read write
  !
  usergroup netadmin
  !
  usergroup operator
   task system read
   task interface read
   task policy read
   task routing read
   task security read
  !
  user admin
   password $6$siwKBQ==$wT2lUa9BSreDPI6gB8sl4E6PAJoVXgMbgv/whJ8F1C6sWdRazdxorYYTLrL6syiG6qnLABTnrE96HJiKF6QRq1
  !
 !
 logging
  disk
   enable
  !
 !
!
omp
 no shutdown
 graceful-restart
!
vpn 0
 interface eth0
  ip address 10.0.0.4/24
  tunnel-interface
   allow-service all
   allow-service dhcp
   allow-service dns
   allow-service icmp
   no allow-service sshd
   no allow-service netconf
   no allow-service ntp
   no allow-service stun
  !
  no shutdown
 !
 ip route 0.0.0.0/0 10.0.0.1
!
vpn 512
!
policy
 sla-class Facebook-SLA
  loss    5
  latency 50
  jitter  30
 !
 app-route-policy _VPN1_Facebook-policy
  vpn-list VPN1
   sequence 1
    match
     source-ip 0.0.0.0/0
     app-list  FACEBOOK
    !
    action
     sla-class Facebook-SLA preferred-color mpls
    !
   !
  !
 !
 lists
  vpn-list VPN1
   vpn 1
  !
  app-list FACEBOOK
   app facebook
   app facebook_live
   app facebook_mail
   app facebook_messenger
   app fbcdn
  !
  site-list B1
   site-id 1
  !
  site-list B2
   site-id 2
  !
 !
!
apply-policy
 site-list B1
  app-route-policy _VPN1_Facebook-policy
 !
 site-list B2
  app-route-policy _VPN1_Facebook-policy
 !
!
