cEdge5#sh run
Building configuration...

Current configuration : 8735 bytes
!
! Last configuration change at 09:03:44 UTC Tue May 30 2023 by NETCONF
!
version 16.12
no service pad
service timestamps debug datetime msec
service timestamps log datetime msec
service password-encryption
! Call-home is enabled by Smart-Licensing.
service call-home
platform qfp utilization monitor load 80
platform punt-keepalive disable-kernel-core
platform inspect match-statistics per-filter
platform console serial
!
hostname cEdge5
!
boot-start-marker
boot-end-marker
!
!
vrf definition 1
 rd 1:1
 !
 address-family ipv4
  route-target export 1:1
  route-target import 1:1
 exit-address-family
 !
 address-family ipv6
 exit-address-family
!
vrf definition 65528
 !
 address-family ipv4
 exit-address-family
!
vrf definition Mgmt-intf
 description Transport VPN
 rd 1:512
 !
 address-family ipv4
  route-target export 1:512
  route-target import 1:512
 exit-address-family
 !
 address-family ipv6
 exit-address-family
!
logging buffered 512000
logging persistent
no logging rate-limit
!
aaa new-model
!
!
aaa authentication login default local
aaa authorization exec default local 
!
!
!
!
!
aaa session-id common
call-home
 ! If contact email address in call-home is configured as sch-smart-licensing@cisco.com
 ! the email address configured in Cisco Smart License Portal will be used as contact email address to send SCH notifications.
 contact-email-addr sch-smart-licensing@cisco.com
 profile "CiscoTAC-1"
  active
  destination transport-method http
  no destination transport-method email
fhrp version vrrp v3
!
!
!
!
!
!
!
no ip dhcp use class
!
!
!
no ip igmp ssm-map query dns
login on-success log
ipv6 unicast-routing
!
!         
!
!
!
!
!
subscriber templating
! 
! 
! 
! 
!
!
multilink bundle-name authenticated
!
!
!
!
!
!
!
!
!
!         
!
!
!
!
!
crypto pki trustpoint TP-self-signed-759098715
 enrollment selfsigned
 subject-name cn=IOS-Self-Signed-Certificate-759098715
 revocation-check none
 rsakeypair TP-self-signed-759098715
!
crypto pki trustpoint SLA-TrustPoint
 enrollment pkcs12
 revocation-check crl
!
!
crypto pki certificate chain TP-self-signed-759098715
 certificate self-signed 01
  3082032E 30820216 A0030201 02020101 300D0609 2A864886 F70D0101 05050030 
  30312E30 2C060355 04031325 494F532D 53656C66 2D536967 6E65642D 43657274 
  69666963 6174652D 37353930 39383731 35301E17 0D323330 35333030 38333635 
  335A170D 33303031 30313030 30303030 5A303031 2E302C06 03550403 1325494F 
  532D5365 6C662D53 69676E65 642D4365 72746966 69636174 652D3735 39303938 
  37313530 82012230 0D06092A 864886F7 0D010101 05000382 010F0030 82010A02 
  82010100 C6068B77 8A8586F2 DE0CD649 93D7DFCF 1B3A0D69 36819168 463417C9 
  8E4F68AC 10115718 E81F7E03 1AE95D42 FD7F09A1 5916C43C 8BE06B9E F4A763F8 
  E8899E39 64582EF4 9F195351 704F224A B1D010B0 F5FEC864 544B2575 A137F58B 
  08EAEC59 E05149AE D755DDC9 227EA2CF 821947DE 67185529 DFDBA658 2313B0FC 
  D872FFAB 774695BE 66057C50 4E89A327 111A7983 246FAB15 8D18D084 4EAA1E9C 
  58535989 0B9A60F3 8A47C1E8 8A124909 954C1B4E 172A7A7B 789EA4D3 F522ED74 
  96FF42A5 615187FA D206C7CC E3EE0F3C C0EDA734 126CC6AE 7BE7E64B 4E2A14BC 
  E721F528 D801BA16 68717554 3945AE26 865CF827 06144468 5B2DF86C EFD8E00B 
  345EFAAF 02030100 01A35330 51300F06 03551D13 0101FF04 05300301 01FF301F 
  0603551D 23041830 168014D5 7EB01B90 735D0CC8 1E574A01 518A68B2 7498EC30 
  1D060355 1D0E0416 0414D57E B01B9073 5D0CC81E 574A0151 8A68B274 98EC300D 
  06092A86 4886F70D 01010505 00038201 01001676 4D93BD0D 227D312C 680B54E9 
  07339088 85A68EA2 6F93BDF8 BC565ED5 60BDFC80 9EE46B71 0E6093F8 5CAE58D4 
  D15BC826 7BE8DF62 C68D81AB 3A5DFC24 079F5D76 A820AC00 6F664AB9 13698867 
  ABBF8274 6308E8A5 319E6759 EEE25552 33C45445 C8735402 B05CA45B A98E3519 
  A49AF4F4 79DC61BB 1E13792F AC86C9EF 54B24C1E E2FB940A 2324D56E 7E27EDB3 
  A77ECBFC F3BE9240 EC679F38 1D2CD754 CCC1CA01 9CB70DAA 5AC370AF DC5F2CEE 
  D3DE86A9 28FC6A0F EF79083F 354AF304 5988FF04 B298A78E 9BA7BCE9 CC11B4A5 
  168B58F5 A47655DE 5157CC12 D89FCD63 9DDED022 FCAB7233 5B225CEF 493F247C 
  B4100DAF 67FF16E1 23C317F9 A44E4143 753F
        quit
crypto pki certificate chain SLA-TrustPoint
 certificate ca 01
  30820321 30820209 A0030201 02020101 300D0609 2A864886 F70D0101 0B050030 
  32310E30 0C060355 040A1305 43697363 6F312030 1E060355 04031317 43697363 
  6F204C69 63656E73 696E6720 526F6F74 20434130 1E170D31 33303533 30313934 
  3834375A 170D3338 30353330 31393438 34375A30 32310E30 0C060355 040A1305 
  43697363 6F312030 1E060355 04031317 43697363 6F204C69 63656E73 696E6720 
  526F6F74 20434130 82012230 0D06092A 864886F7 0D010101 05000382 010F0030 
  82010A02 82010100 A6BCBD96 131E05F7 145EA72C 2CD686E6 17222EA1 F1EFF64D 
  CBB4C798 212AA147 C655D8D7 9471380D 8711441E 1AAF071A 9CAE6388 8A38E520 
  1C394D78 462EF239 C659F715 B98C0A59 5BBB5CBD 0CFEBEA3 700A8BF7 D8F256EE 
  4AA4E80D DB6FD1C9 60B1FD18 FFC69C96 6FA68957 A2617DE7 104FDC5F EA2956AC 
  7390A3EB 2B5436AD C847A2C5 DAB553EB 69A9A535 58E9F3E3 C0BD23CF 58BD7188 
  68E69491 20F320E7 948E71D7 AE3BCC84 F10684C7 4BC8E00F 539BA42B 42C68BB7 
  C7479096 B4CB2D62 EA2F505D C7B062A4 6811D95B E8250FC4 5D5D5FB8 8F27D191 
  C55F0D76 61F9A4CD 3D992327 A8BB03BD 4E6D7069 7CBADF8B DF5F4368 95135E44 
  DFC7C6CF 04DD7FD1 02030100 01A34230 40300E06 03551D0F 0101FF04 04030201 
  06300F06 03551D13 0101FF04 05300301 01FF301D 0603551D 0E041604 1449DC85 
  4B3D31E5 1B3E6A17 606AF333 3D3B4C73 E8300D06 092A8648 86F70D01 010B0500 
  03820101 00507F24 D3932A66 86025D9F E838AE5C 6D4DF6B0 49631C78 240DA905 
  604EDCDE FF4FED2B 77FC460E CD636FDB DD44681E 3A5673AB 9093D3B1 6C9E3D8B 
  D98987BF E40CBD9E 1AECA0C2 2189BB5C 8FA85686 CD98B646 5575B146 8DFC66A8 
  467A3DF4 4D565700 6ADF0F0D CF835015 3C04FF7C 21E878AC 11BA9CD2 55A9232C 
  7CA7B7E6 C1AF74F6 152E99B7 B1FCF9BB E973DE7F 5BDDEB86 C71E3B49 1765308B 
  5FB0DA06 B92AFE7F 494E8A9E 07B85737 F3A58BE1 1A48A229 C37C1E69 39F08678 
  80DDCD16 D6BACECA EEBC7CF9 8428787B 35202CDC 60E4616A B623CDBD 230E3AFB 
  418616A9 4093E049 4D10AB75 27E86F73 932E35B5 8862FDAE 0275156F 719BB2F0 
  D697DF7F 28
        quit
!
license udi pid CSR1000V sn 94DV76SPOOL
diagnostic bootup level minimal
memory free low-watermark processor 72329
!
!
spanning-tree extend system-id
!
username admin privilege 15 secret 9 $9$3V6L3V6L2VUI2k$ysPnXOdg8RLj9KgMdmfHdSHkdaMmiHzGaUpcqH6pfTo
!
redundancy
!
!
!
no crypto ikev2 diagnose error
!
!         
!
! 
!
!
!
!
!
!
!
!
!
!
!
!
!
! 
! 
!
!
interface Loopback65528
 vrf forwarding 65528
 ip address 192.168.1.1 255.255.255.255
!         
interface Tunnel1
 ip unnumbered GigabitEthernet1
 no ip redirects
 ipv6 unnumbered GigabitEthernet1
 no ipv6 redirects
 tunnel source GigabitEthernet1
 tunnel mode sdwan
!
interface Tunnel2
 ip unnumbered GigabitEthernet2
 no ip redirects
 ipv6 unnumbered GigabitEthernet2
 no ipv6 redirects
 tunnel source GigabitEthernet2
 tunnel mode sdwan
!
interface GigabitEthernet1
 ip address 100.0.0.5 255.255.255.0
 negotiation auto
 arp timeout 1200
 no mop enabled
 no mop sysid
!         
interface GigabitEthernet2
 ip address 101.0.0.5 255.255.255.0
 negotiation auto
 arp timeout 1200
 no mop enabled
 no mop sysid
!
interface GigabitEthernet3
 vrf forwarding 1
 ip address 172.16.5.1 255.255.255.252
 negotiation auto
 arp timeout 1200
 no mop enabled
 no mop sysid
!
interface GigabitEthernet4
 no ip address
 negotiation auto
 no mop enabled
 no mop sysid
!
router omp
!         
router bgp 1
 bgp log-neighbor-changes
 distance bgp 20 200 20
 !
 address-family ipv4 vrf 1
  bgp router-id 1.0.5.1
  redistribute omp
  neighbor 172.16.5.2 remote-as 1
  neighbor 172.16.5.2 activate
  neighbor 172.16.5.2 send-community both
 exit-address-family
!
ip forward-protocol nd
no ip http server
ip http secure-server
!
ip nat route vrf 65528 0.0.0.0 0.0.0.0 global
no ip nat service skinny tcp port 2000
no ip nat service sip tcp port 5060
no ip nat service sip udp port 5060
no ip nat service H225
no ip nat service ras
no ip nat service rtsp udp
no ip nat service rtsp tcp
no ip nat service dns tcp
no ip nat service dns udp
no ip nat service netbios-ns tcp
no ip nat service netbios-ns udp
no ip nat service netbios-ssn
no ip nat service netbios-dgm
no ip nat service ldap
no ip nat service sunrpc udp
no ip nat service sunrpc tcp
no ip nat service msrpc tcp
no ip nat service tftp
no ip nat service rcmd
no ip nat service pptp
no ip nat service ftp
no ip nat service gatekeeper
no ip nat service dns-reset-ttl
ip route 0.0.0.0 0.0.0.0 100.0.0.254
ip route 0.0.0.0 0.0.0.0 101.0.0.254
ip route vrf 1 5.5.5.5 255.255.255.255 172.16.5.2
ip scp server enable
!
!         
!
!
!
!
!
!
!
control-plane
!
!
!
!
!
!
line con 0
 stopbits 1
line vty 0 4
 transport input ssh
line vty 5 80
 transport input ssh
!
nat64 translation timeout udp 1
nat64 translation timeout tcp 60
!
!
!
!
!
netconf-yang
netconf-yang feature candidate-datastore
end

