cEdge4#sh run
Building configuration...

Current configuration : 8496 bytes
!
! Last configuration change at 09:00:43 UTC Tue May 30 2023 by NETCONF
!
version 16.12
no service pad
service timestamps debug datetime msec
service timestamps log datetime msec
service password-encryption
! Call-home is enabled by Smart-Licensing.
service call-home
platform qfp utilization monitor load 80
platform punt-keepalive disable-kernel-core
platform inspect match-statistics per-filter
platform console serial
!
hostname cEdge4
!
boot-start-marker
boot-end-marker
!
!
vrf definition 1
 rd 1:1
 !
 address-family ipv4
  route-target export 1:1
  route-target import 1:1
 exit-address-family
 !
 address-family ipv6
 exit-address-family
!
vrf definition 65528
 !
 address-family ipv4
 exit-address-family
!
vrf definition Mgmt-intf
 description Transport VPN
 rd 1:512
 !
 address-family ipv4
  route-target export 1:512
  route-target import 1:512
 exit-address-family
 !
 address-family ipv6
 exit-address-family
!
logging buffered 512000
logging persistent
no logging rate-limit
!
aaa new-model
!
!
aaa authentication login default local
aaa authorization exec default local 
!
!
!
!
!
aaa session-id common
call-home
 ! If contact email address in call-home is configured as sch-smart-licensing@cisco.com
 ! the email address configured in Cisco Smart License Portal will be used as contact email address to send SCH notifications.
 contact-email-addr sch-smart-licensing@cisco.com
 profile "CiscoTAC-1"
  active
  destination transport-method http
  no destination transport-method email
fhrp version vrrp v3
no ip source-route
!
!
!
!
!
!
!
no ip dhcp use class
!
!
!
no ip igmp ssm-map query dns
login on-success log
ipv6 unicast-routing
!         
!
!
!
!
!
!
subscriber templating
! 
! 
! 
! 
!
!
multilink bundle-name authenticated
!
!
!
!
!
!
!
!
!         
!
!
!
!
!
!
crypto pki trustpoint TP-self-signed-2281789789
 enrollment selfsigned
 subject-name cn=IOS-Self-Signed-Certificate-2281789789
 revocation-check none
 rsakeypair TP-self-signed-2281789789
!
crypto pki trustpoint SLA-TrustPoint
 enrollment pkcs12
 revocation-check crl
!
!
crypto pki certificate chain TP-self-signed-2281789789
 certificate self-signed 01
  30820330 30820218 A0030201 02020101 300D0609 2A864886 F70D0101 05050030 
  31312F30 2D060355 04031326 494F532D 53656C66 2D536967 6E65642D 43657274 
  69666963 6174652D 32323831 37383937 3839301E 170D3233 30353330 30383532 
  34325A17 0D333030 31303130 30303030 305A3031 312F302D 06035504 03132649 
  4F532D53 656C662D 5369676E 65642D43 65727469 66696361 74652D32 32383137 
  38393738 39308201 22300D06 092A8648 86F70D01 01010500 0382010F 00308201 
  0A028201 0100B742 2AB8D931 8224C25D 7B82D1CC 83D04589 0B891CE2 74F13C63 
  12449D3C F6C16891 009269B6 4EE34ED7 81287668 D5791CCD BC8B7FFC 162BD81D 
  3554CC87 29FEB790 5F6672C2 1A6E23E2 97A0AA73 E23A7772 0C39989B 1ADB403E 
  51083D48 102ECAFF F7B79784 8D61BFDB 1DDD436B D8199343 370B3548 19DFE273 
  7B34445D 1FD0539A 8AE785E6 D6849969 426D0ECC 6947C902 CD0512C3 01ECB7DE 
  A78668B2 9B7E0453 0603E0B6 35948FDF 091C3943 6E2597F7 8D1F4ADA 9E0C734A 
  926B72C5 A2657498 1B491B68 CDAB0942 CB2A8886 763E1BB1 B4C7A81D 25BEC9FA 
  BD625D79 5F08C854 0D1B96E5 EC1D5EE7 CFE71C4A 9AE1B550 81ED9879 BCD64262 
  57E37DFD 15F10203 010001A3 53305130 0F060355 1D130101 FF040530 030101FF 
  301F0603 551D2304 18301680 14E50E06 3DD9197A 753B47E4 60C2F882 ED774F9D 
  7D301D06 03551D0E 04160414 E50E063D D9197A75 3B47E460 C2F882ED 774F9D7D 
  300D0609 2A864886 F70D0101 05050003 82010100 B1C2BF3D 088BDBE6 B6358790 
  899CBC52 438E3237 84E969EF 344C2D6C C0BFF75E 38FF62CB B4AB3FFF 841F4D36 
  659228F9 60AAFF31 D2C73925 14F7AC2D 1B5F73C0 FA4442D9 6F6945F8 DC504032 
  3B726AE1 8219FE2B 74AD8AA9 09CA54C1 63D4FC2B A897A2AB 5BFA25EC 9AB8D1FA 
  9D1D9EBB 2C0C1D7E 8701A902 8DF63EA1 CD4E70F3 B0CA10AB 497BA306 05E092F2 
  03FD09FB BB865136 EA292BD6 3F846B96 69CF4824 5E88971C 5434ACD8 942ADCBB 
  2B367F50 C325F45C 018ADDA1 4F3DFD78 4F75456E EBEF00E8 96485BE0 8088742A 
  3E5CC95A F7733C3D F4F29775 BA6C58C2 DD91BE0F A4A51E4C E3A6BD2F 7B4266AA 
  FB7E2970 555BAEE5 4EEB6CA0 530379A8 2B147DFF
        quit
crypto pki certificate chain SLA-TrustPoint
 certificate ca 01
  30820321 30820209 A0030201 02020101 300D0609 2A864886 F70D0101 0B050030 
  32310E30 0C060355 040A1305 43697363 6F312030 1E060355 04031317 43697363 
  6F204C69 63656E73 696E6720 526F6F74 20434130 1E170D31 33303533 30313934 
  3834375A 170D3338 30353330 31393438 34375A30 32310E30 0C060355 040A1305 
  43697363 6F312030 1E060355 04031317 43697363 6F204C69 63656E73 696E6720 
  526F6F74 20434130 82012230 0D06092A 864886F7 0D010101 05000382 010F0030 
  82010A02 82010100 A6BCBD96 131E05F7 145EA72C 2CD686E6 17222EA1 F1EFF64D 
  CBB4C798 212AA147 C655D8D7 9471380D 8711441E 1AAF071A 9CAE6388 8A38E520 
  1C394D78 462EF239 C659F715 B98C0A59 5BBB5CBD 0CFEBEA3 700A8BF7 D8F256EE 
  4AA4E80D DB6FD1C9 60B1FD18 FFC69C96 6FA68957 A2617DE7 104FDC5F EA2956AC 
  7390A3EB 2B5436AD C847A2C5 DAB553EB 69A9A535 58E9F3E3 C0BD23CF 58BD7188 
  68E69491 20F320E7 948E71D7 AE3BCC84 F10684C7 4BC8E00F 539BA42B 42C68BB7 
  C7479096 B4CB2D62 EA2F505D C7B062A4 6811D95B E8250FC4 5D5D5FB8 8F27D191 
  C55F0D76 61F9A4CD 3D992327 A8BB03BD 4E6D7069 7CBADF8B DF5F4368 95135E44 
  DFC7C6CF 04DD7FD1 02030100 01A34230 40300E06 03551D0F 0101FF04 04030201 
  06300F06 03551D13 0101FF04 05300301 01FF301D 0603551D 0E041604 1449DC85 
  4B3D31E5 1B3E6A17 606AF333 3D3B4C73 E8300D06 092A8648 86F70D01 010B0500 
  03820101 00507F24 D3932A66 86025D9F E838AE5C 6D4DF6B0 49631C78 240DA905 
  604EDCDE FF4FED2B 77FC460E CD636FDB DD44681E 3A5673AB 9093D3B1 6C9E3D8B 
  D98987BF E40CBD9E 1AECA0C2 2189BB5C 8FA85686 CD98B646 5575B146 8DFC66A8 
  467A3DF4 4D565700 6ADF0F0D CF835015 3C04FF7C 21E878AC 11BA9CD2 55A9232C 
  7CA7B7E6 C1AF74F6 152E99B7 B1FCF9BB E973DE7F 5BDDEB86 C71E3B49 1765308B 
  5FB0DA06 B92AFE7F 494E8A9E 07B85737 F3A58BE1 1A48A229 C37C1E69 39F08678 
  80DDCD16 D6BACECA EEBC7CF9 8428787B 35202CDC 60E4616A B623CDBD 230E3AFB 
  418616A9 4093E049 4D10AB75 27E86F73 932E35B5 8862FDAE 0275156F 719BB2F0 
  D697DF7F 28
        quit
!
license udi pid CSR1000V sn 9LTKUGU64MI
diagnostic bootup level minimal
memory free low-watermark processor 72329
!
!
spanning-tree extend system-id
!
username admin privilege 15 secret 9 $9$3V6L3V6L2VUI2k$ysPnXOdg8RLj9KgMdmfHdSHkdaMmiHzGaUpcqH6pfTo
!
redundancy
!
!
!
no crypto ikev2 diagnose error
!         
!
!
! 
!
!
!
!
!
!
!
!
!
!
!
!
!
! 
! 
!
!
interface Loopback65528
 vrf forwarding 65528
 ip address 192.168.1.1 255.255.255.255
!
interface Tunnel1
 ip unnumbered GigabitEthernet1
 no ip redirects
 ipv6 unnumbered GigabitEthernet1
 no ipv6 redirects
 tunnel source GigabitEthernet1
 tunnel mode sdwan
!
interface Tunnel2
 ip unnumbered GigabitEthernet2
 no ip redirects
 ipv6 unnumbered GigabitEthernet2
 no ipv6 redirects
 tunnel source GigabitEthernet2
 tunnel mode sdwan
!
interface GigabitEthernet1
 ip address 100.0.0.4 255.255.255.0
 negotiation auto
 arp timeout 1200
 no mop enabled
 no mop sysid
!
interface GigabitEthernet2
 ip address 101.0.0.4 255.255.255.0
 negotiation auto
 arp timeout 1200
 no mop enabled
 no mop sysid
!
interface GigabitEthernet3
 vrf forwarding 1
 ip address 172.16.4.1 255.255.255.252
 negotiation auto
 arp timeout 1200
 no mop enabled
 no mop sysid
!
interface GigabitEthernet4
 no ip address
 negotiation auto
 no mop enabled
 no mop sysid
!
router omp
!
ip forward-protocol nd
no ip http server
ip http secure-server
!
ip nat route vrf 65528 0.0.0.0 0.0.0.0 global
no ip nat service skinny tcp port 2000
no ip nat service sip tcp port 5060
no ip nat service sip udp port 5060
no ip nat service H225
no ip nat service ras
no ip nat service rtsp udp
no ip nat service rtsp tcp
no ip nat service dns tcp
no ip nat service dns udp
no ip nat service netbios-ns tcp
no ip nat service netbios-ns udp
no ip nat service netbios-ssn
no ip nat service netbios-dgm
no ip nat service ldap
no ip nat service sunrpc udp
no ip nat service sunrpc tcp
no ip nat service msrpc tcp
no ip nat service tftp
no ip nat service rcmd
no ip nat service pptp
no ip nat service ftp
no ip nat service gatekeeper
no ip nat service dns-reset-ttl
ip route 0.0.0.0 0.0.0.0 100.0.0.254
ip route 0.0.0.0 0.0.0.0 101.0.0.254
ip route vrf 1 4.4.4.4 255.255.255.255 172.16.4.2
ip scp server enable
!
!
!
!
!
!
!
!
!
control-plane
!
!
!         
!
!
!
line con 0
 stopbits 1
line vty 0 4
 transport input ssh
line vty 5 80
 transport input ssh
!
nat64 translation timeout udp 1
nat64 translation timeout tcp 60
!
!
!
!
!
netconf-yang
netconf-yang feature candidate-datastore
end

