ource: LOCAL] [localport: 0] at 05:07:22 UTC Mon May 15 2023
cEdge5>en
cEdge5#sh run
Building configuration...

Current configuration : 7763 bytes
!
! Last configuration change at 07:16:37 UTC Sun May 14 2023 by NETCONF
!
version 16.12
no service pad
service timestamps debug datetime msec
service timestamps log datetime msec
service password-encryption
! Call-home is enabled by Smart-Licensing.
service call-home
platform qfp utilization monitor load 80
platform punt-keepalive disable-kernel-core
platform inspect match-statistics per-filter
platform console serial
!
hostname cEdge5
!
boot-start-marker
boot-end-marker
!
!
vrf definition 65528
 !
 address-family ipv4
 exit-address-family
!
logging buffered 262144
no logging rate-limit
!
aaa new-model
!
!
aaa authentication login default local
aaa authorization exec default local 
!
!
!
!
!
aaa session-id common
call-home
 ! If contact email address in call-home is configured as sch-smart-licensing@cisco.com
 ! the email address configured in Cisco Smart License Portal will be used as contact email address to send SCH notifications.
 contact-email-addr sch-smart-licensing@cisco.com
 profile "CiscoTAC-1"
  active
  destination transport-method http
  no destination transport-method email
fhrp version vrrp v3
no ip source-route
!
!
!
!
!
!
!
no ip dhcp use class
!
!
!
no ip igmp ssm-map query dns
login on-success log
ipv6 unicast-routing
!
!
!         
!
!
!
!
subscriber templating
! 
! 
! 
! 
!
!
multilink bundle-name authenticated
!
!
!
!
!
!
!
!
!
!
!         
!
!
!
!
crypto pki trustpoint TP-self-signed-3008968933
 enrollment selfsigned
 subject-name cn=IOS-Self-Signed-Certificate-3008968933
 revocation-check crl
 rsakeypair TP-self-signed-3008968933
!
crypto pki trustpoint SLA-TrustPoint
 enrollment pkcs12
 revocation-check crl
!
!
crypto pki certificate chain TP-self-signed-3008968933
 certificate self-signed 01
  30820330 30820218 A0030201 02020101 300D0609 2A864886 F70D0101 05050030 
  31312F30 2D060355 04031326 494F532D 53656C66 2D536967 6E65642D 43657274 
  69666963 6174652D 33303038 39363839 3333301E 170D3233 30353134 30373136 
  33355A17 0D333030 31303130 30303030 305A3031 312F302D 06035504 03132649 
  4F532D53 656C662D 5369676E 65642D43 65727469 66696361 74652D33 30303839 
  36383933 33308201 22300D06 092A8648 86F70D01 01010500 0382010F 00308201 
  0A028201 0100D6FB 9BA3F033 0C804CC0 C24DB604 FFCB9EF7 E5BE57AF 5176837D 
  FD84BF67 AA3B6A68 0F3C87C1 511636C1 0AE9C97C 16129CB0 2320CC79 0C93112F 
  321BA342 34702DF3 A308CB31 65E3548A D38A75E5 FC0E5876 0CA919BA A578BF4B 
  A5B0D321 B8D75B97 AC0087CE FF00F7C3 3ABBC706 5C737B47 5DEC6E64 3200B66D 
  91245A9B A2C29E4A 957FFBE9 AA28A7AC 4580289B 42DB77F1 3CA29883 478C1414 
  DC3BD8FD 1F7DC613 DDCEB771 5C835BBD A685D3CD 972A4560 691F3192 5C729BEB 
  241E88A2 0530B28D 5A543DEE 7EFC94B9 C8495C16 EDD2AABF 39727F0C 20F12F3D 
  192CA0A0 52D5B104 A9397287 01CE7E4C 7EB46D35 8471197F B3A7C30D F511119B 
  21E710D1 53670203 010001A3 53305130 0F060355 1D130101 FF040530 030101FF 
  301F0603 551D2304 18301680 141CD94E FA99F448 CE16E517 EF7E366F 8F8E0D63 
  2A301D06 03551D0E 04160414 1CD94EFA 99F448CE 16E517EF 7E366F8F 8E0D632A 
  300D0609 2A864886 F70D0101 05050003 82010100 3CD899FB 70B41F02 D81CBA47 
  2C94152A 73DF32FE C1333BE9 FFA6DDB2 8B1CD85C 46633431 FE1E25C5 F80A710E 
  4D3B13E6 DE3138A6 5FB22B8E 3C891B60 2CD5906E 5044B8F4 0ADFE3C9 4C1AE359 
  4E9A2791 4E9859EB 27802991 7D717967 FCD95E1D 77EF8A59 6ECDDE23 6247E499 
  8C454779 DEF0C9E8 B1A42FE1 DA5FAA35 562E4D7F 34958EEF BE1E1268 4D7B1D8E 
  607EA5DB E8E78F55 B4361153 DF588B15 B36C6210 B630E5F4 350CCD20 B3504FBA 
  4E554F95 EDB68D24 36C8FFAD E6C90A50 70F12E7A DE2A0D65 CCA6993D 576140F0 
  A991320D 7C34D632 676ECBBB 6A5A4912 A41DF536 D9DED31A 8E15E4BD 2B6964B3 
  F74776B3 4F1C4B08 3FEC9A7E 6D5199D6 8A1179EE
        quit
crypto pki certificate chain SLA-TrustPoint
 certificate ca 01
  30820321 30820209 A0030201 02020101 300D0609 2A864886 F70D0101 0B050030 
  32310E30 0C060355 040A1305 43697363 6F312030 1E060355 04031317 43697363 
  6F204C69 63656E73 696E6720 526F6F74 20434130 1E170D31 33303533 30313934 
  3834375A 170D3338 30353330 31393438 34375A30 32310E30 0C060355 040A1305 
  43697363 6F312030 1E060355 04031317 43697363 6F204C69 63656E73 696E6720 
  526F6F74 20434130 82012230 0D06092A 864886F7 0D010101 05000382 010F0030 
  82010A02 82010100 A6BCBD96 131E05F7 145EA72C 2CD686E6 17222EA1 F1EFF64D 
  CBB4C798 212AA147 C655D8D7 9471380D 8711441E 1AAF071A 9CAE6388 8A38E520 
  1C394D78 462EF239 C659F715 B98C0A59 5BBB5CBD 0CFEBEA3 700A8BF7 D8F256EE 
  4AA4E80D DB6FD1C9 60B1FD18 FFC69C96 6FA68957 A2617DE7 104FDC5F EA2956AC 
  7390A3EB 2B5436AD C847A2C5 DAB553EB 69A9A535 58E9F3E3 C0BD23CF 58BD7188 
  68E69491 20F320E7 948E71D7 AE3BCC84 F10684C7 4BC8E00F 539BA42B 42C68BB7 
  C7479096 B4CB2D62 EA2F505D C7B062A4 6811D95B E8250FC4 5D5D5FB8 8F27D191 
  C55F0D76 61F9A4CD 3D992327 A8BB03BD 4E6D7069 7CBADF8B DF5F4368 95135E44 
  DFC7C6CF 04DD7FD1 02030100 01A34230 40300E06 03551D0F 0101FF04 04030201 
  06300F06 03551D13 0101FF04 05300301 01FF301D 0603551D 0E041604 1449DC85 
  4B3D31E5 1B3E6A17 606AF333 3D3B4C73 E8300D06 092A8648 86F70D01 010B0500 
  03820101 00507F24 D3932A66 86025D9F E838AE5C 6D4DF6B0 49631C78 240DA905 
  604EDCDE FF4FED2B 77FC460E CD636FDB DD44681E 3A5673AB 9093D3B1 6C9E3D8B 
  D98987BF E40CBD9E 1AECA0C2 2189BB5C 8FA85686 CD98B646 5575B146 8DFC66A8 
  467A3DF4 4D565700 6ADF0F0D CF835015 3C04FF7C 21E878AC 11BA9CD2 55A9232C 
  7CA7B7E6 C1AF74F6 152E99B7 B1FCF9BB E973DE7F 5BDDEB86 C71E3B49 1765308B 
  5FB0DA06 B92AFE7F 494E8A9E 07B85737 F3A58BE1 1A48A229 C37C1E69 39F08678 
  80DDCD16 D6BACECA EEBC7CF9 8428787B 35202CDC 60E4616A B623CDBD 230E3AFB 
  418616A9 4093E049 4D10AB75 27E86F73 932E35B5 8862FDAE 0275156F 719BB2F0 
  D697DF7F 28
        quit
!
license udi pid CSR1000V sn 9GQ6V2KW0S0
diagnostic bootup level minimal
memory free low-watermark processor 72329
!
!
spanning-tree extend system-id
!
username admin privilege 15 secret 9 $14$CjAH$kjd70quPDh0ahE$FaIoJOcagBLj8gFUT//cL1h7rZdoxmAILNxH1GuoxPs
!
redundancy
!
!
!
no crypto ikev2 diagnose error
!
!
!         
! 
!
!
!
!
!
!
!
!
!
!
!
!
! 
! 
!
!
interface Loopback65528
 vrf forwarding 65528
 ip address 192.168.1.1 255.255.255.255
!
interface Tunnel0
 ip unnumbered GigabitEthernet1
 tunnel source GigabitEthernet1
 tunnel mode sdwan
!
interface Tunnel1
 ip unnumbered GigabitEthernet2
 tunnel source GigabitEthernet2
 tunnel mode sdwan
!
interface GigabitEthernet1
 ip address 100.0.5.2 255.255.255.0
 negotiation auto
 no mop enabled
 no mop sysid
!
interface GigabitEthernet2
 ip address 101.0.5.2 255.255.255.0
 negotiation auto
 no mop enabled
 no mop sysid
!
interface GigabitEthernet3
 no ip address
 negotiation auto
 no mop enabled
 no mop sysid
!
interface GigabitEthernet4
 no ip address
 negotiation auto
 no mop enabled
 no mop sysid
!
router omp
!
ip forward-protocol nd
no ip http server
ip http secure-server
!
ip nat route vrf 65528 0.0.0.0 0.0.0.0 global
no ip nat service skinny tcp port 2000
no ip nat service sip tcp port 5060
no ip nat service sip udp port 5060
no ip nat service H225
no ip nat service ras
no ip nat service rtsp udp
no ip nat service rtsp tcp
no ip nat service dns tcp
no ip nat service dns udp
no ip nat service netbios-ns tcp
no ip nat service netbios-ns udp
no ip nat service netbios-ssn
no ip nat service netbios-dgm
no ip nat service ldap
no ip nat service sunrpc udp
no ip nat service sunrpc tcp
no ip nat service msrpc tcp
no ip nat service tftp
no ip nat service rcmd
no ip nat service pptp
no ip nat service ftp
no ip nat service gatekeeper
no ip nat service dns-reset-ttl
ip route 0.0.0.0 0.0.0.0 100.0.5.1
ip route 0.0.0.0 0.0.0.0 101.0.5.1
ip ssh version 2
ip scp server enable
!
!
!         
!
!
!
!
!
!
control-plane
!
!
!
!
!
!
line con 0
 stopbits 1
line vty 0 4
 transport input ssh
line vty 5 80
 transport input ssh
!
!
!
!         
!
!
netconf-yang
netconf-yang feature candidate-datastore
end

