vSmart# sh run
system
 host-name             vSmart
 system-ip             1.1.1.4
 site-id               1
 admin-tech-on-failure
 organization-name     IMANMTZ
 clock timezone Asia/Tehran
 vbond 10.0.0.2
 aaa
  auth-order local radius tacacs
  usergroup basic
   task system read write
   task interface read write
  !
  usergroup netadmin
  !
  usergroup operator
   task system read
   task interface read
   task policy read
   task routing read
   task security read
  !
  usergroup tenantadmin
  !
  user admin
   password $6$cj9R2W6D9wHyVAOb$vnoKDul1bsKeBCadNgj3o0Yi8BsuJc6j.EtsIK/c656i9KRYbIiAB/F7BSJVzTVH6vJ6dH8Za9ReKHT9ERmDQ0
  !
 !
 logging
  disk
   enable
  !
 !
!
omp
 no shutdown
 graceful-restart
!
vpn 0
 interface eth0
  ip address 10.0.0.4/24
  ipv6 dhcp-client
  tunnel-interface
   allow-service all
   allow-service dhcp
   allow-service dns
   allow-service icmp
   no allow-service sshd
   allow-service netconf
   no allow-service ntp
   no allow-service stun
  !
  no shutdown
 !
 ip route 0.0.0.0/0 10.0.0.1
!
vpn 512
!
