cEdge4-2#sh run
Building configuration...

Current configuration : 8311 bytes
!
! Last configuration change at 03:47:50 UTC Sat May 27 2023 by NETCONF
!
version 16.12
no service pad
service timestamps debug datetime msec
service timestamps log datetime msec
service password-encryption
! Call-home is enabled by Smart-Licensing.
service call-home
platform qfp utilization monitor load 80
platform punt-keepalive disable-kernel-core
platform inspect match-statistics per-filter
platform console serial
!
hostname cEdge4-2
!
boot-start-marker
boot-end-marker
!
!
vrf definition 1
 rd 1:1
 !
 address-family ipv4
  route-target export 1:1
  route-target import 1:1
 exit-address-family
 !
 address-family ipv6
 exit-address-family
!
vrf definition 65528
 !
 address-family ipv4
 exit-address-family
!
vrf definition Mgmt-intf
 description Transport VPN
 rd 1:512
 !
 address-family ipv4
  route-target export 1:512
  route-target import 1:512
 exit-address-family
 !
 address-family ipv6
 exit-address-family
!
logging buffered 512000
logging persistent
no logging rate-limit
!
aaa new-model
!
!
aaa authentication login default local
aaa authorization exec default local 
!
!
!
!
!
aaa session-id common
call-home
 ! If contact email address in call-home is configured as sch-smart-licensing@cisco.com
 ! the email address configured in Cisco Smart License Portal will be used as contact email address to send SCH notifications.
 contact-email-addr sch-smart-licensing@cisco.com
 profile "CiscoTAC-1"
  active
  destination transport-method http
  no destination transport-method email
fhrp version vrrp v3
no ip source-route
!
!
!
!
!
!
!
no ip dhcp use class
!
!
!
no ip igmp ssm-map query dns
login on-success log
ipv6 unicast-routing
!         
!
!
!
!
!
!
subscriber templating
! 
! 
! 
! 
!
!
multilink bundle-name authenticated
!
!
!
!
!
!
!
!
!         
!
!
!
!
!
!
crypto pki trustpoint TP-self-signed-2236200483
 enrollment selfsigned
 subject-name cn=IOS-Self-Signed-Certificate-2236200483
 revocation-check none
 rsakeypair TP-self-signed-2236200483
!
crypto pki trustpoint SLA-TrustPoint
 enrollment pkcs12
 revocation-check crl
!
!
crypto pki certificate chain TP-self-signed-2236200483
 certificate self-signed 01
  30820330 30820218 A0030201 02020101 300D0609 2A864886 F70D0101 05050030 
  31312F30 2D060355 04031326 494F532D 53656C66 2D536967 6E65642D 43657274 
  69666963 6174652D 32323336 32303034 3833301E 170D3233 30353237 30333437 
  34355A17 0D333030 31303130 30303030 305A3031 312F302D 06035504 03132649 
  4F532D53 656C662D 5369676E 65642D43 65727469 66696361 74652D32 32333632 
  30303438 33308201 22300D06 092A8648 86F70D01 01010500 0382010F 00308201 
  0A028201 0100C569 384B4B0A 89FE7935 080384A5 D87923B4 4B1FC825 FF988EBE 
  BAC18041 2E53C26C 6E0362B1 FE60FA32 88652C75 BEB6E34D 1F93FC3F 747BC059 
  7158780F 5DE039F7 04945C18 213E80A7 74054DD0 5D4C9FCD 816B8517 A169C5D4 
  2AB8D51E A4EFB0A8 FDEFE012 629F606B 6A2D25E9 A34C4DA1 3369A7B5 F1069532 
  2A62CA8F 738496B1 A9623EF2 140AE849 8AC4523F A14C4048 441F66F4 66B0BF17 
  8C99226F E0E6B891 7AE826F0 596D9F55 19D0F393 81C5D48B 40CF9D1F 9B601FB9 
  9225C0E4 410D90B2 97422D92 D63D5742 7A732510 6AFFF30E CA3ED333 3BF11AC2 
  2CF707AF E8ABCCF3 38B67856 EEC46BE2 AD9541DF 49CC38D0 A5A019DF AE7A06A6 
  9511EE1D 5C750203 010001A3 53305130 0F060355 1D130101 FF040530 030101FF 
  301F0603 551D2304 18301680 1441BC3F 80964CA6 36514357 A500B4D3 97083327 
  5B301D06 03551D0E 04160414 41BC3F80 964CA636 514357A5 00B4D397 0833275B 
  300D0609 2A864886 F70D0101 05050003 82010100 6019C070 DBB5FFCC AD22201E 
  8A61779B 5BEC330F 94046292 1C8B9E57 67EA65E8 98F9F798 AA7C60CF 692153A2 
  7297AD07 58D6A75C D3CB9699 FD9026E0 05815FC2 F3F2440D B07B8189 DDDAA368 
  90694F02 D007FB46 55CCA28B 43AB9BE5 5D6601C4 98DD2B7E FCED9E72 C05BB28D 
  F0A7AC6A 4744FC99 ADCD3E5E E7072034 4E39D596 196F4123 EF66EB2B A2D1DBA6 
  5B9A85C6 BE25E2E0 A540F559 E4B594DE 2DA0F865 67A951F6 78F7679C 6559DEAD 
  B040F970 6B2745E3 5C5B7E37 B7DFECE1 44900705 548D76C9 569E8A1F 999272FC 
  1F53B8D7 41741C3D 2E637298 7629A837 81E81983 BB3E94EE 727C6940 D62A271D 
  42ED62F6 AC4170D2 4A20B545 F516A52D 88401A1C
        quit
crypto pki certificate chain SLA-TrustPoint
 certificate ca 01
  30820321 30820209 A0030201 02020101 300D0609 2A864886 F70D0101 0B050030 
  32310E30 0C060355 040A1305 43697363 6F312030 1E060355 04031317 43697363 
  6F204C69 63656E73 696E6720 526F6F74 20434130 1E170D31 33303533 30313934 
  3834375A 170D3338 30353330 31393438 34375A30 32310E30 0C060355 040A1305 
  43697363 6F312030 1E060355 04031317 43697363 6F204C69 63656E73 696E6720 
  526F6F74 20434130 82012230 0D06092A 864886F7 0D010101 05000382 010F0030 
  82010A02 82010100 A6BCBD96 131E05F7 145EA72C 2CD686E6 17222EA1 F1EFF64D 
  CBB4C798 212AA147 C655D8D7 9471380D 8711441E 1AAF071A 9CAE6388 8A38E520 
  1C394D78 462EF239 C659F715 B98C0A59 5BBB5CBD 0CFEBEA3 700A8BF7 D8F256EE 
  4AA4E80D DB6FD1C9 60B1FD18 FFC69C96 6FA68957 A2617DE7 104FDC5F EA2956AC 
  7390A3EB 2B5436AD C847A2C5 DAB553EB 69A9A535 58E9F3E3 C0BD23CF 58BD7188 
  68E69491 20F320E7 948E71D7 AE3BCC84 F10684C7 4BC8E00F 539BA42B 42C68BB7 
  C7479096 B4CB2D62 EA2F505D C7B062A4 6811D95B E8250FC4 5D5D5FB8 8F27D191 
  C55F0D76 61F9A4CD 3D992327 A8BB03BD 4E6D7069 7CBADF8B DF5F4368 95135E44 
  DFC7C6CF 04DD7FD1 02030100 01A34230 40300E06 03551D0F 0101FF04 04030201 
  06300F06 03551D13 0101FF04 05300301 01FF301D 0603551D 0E041604 1449DC85 
  4B3D31E5 1B3E6A17 606AF333 3D3B4C73 E8300D06 092A8648 86F70D01 010B0500 
  03820101 00507F24 D3932A66 86025D9F E838AE5C 6D4DF6B0 49631C78 240DA905 
  604EDCDE FF4FED2B 77FC460E CD636FDB DD44681E 3A5673AB 9093D3B1 6C9E3D8B 
  D98987BF E40CBD9E 1AECA0C2 2189BB5C 8FA85686 CD98B646 5575B146 8DFC66A8 
  467A3DF4 4D565700 6ADF0F0D CF835015 3C04FF7C 21E878AC 11BA9CD2 55A9232C 
  7CA7B7E6 C1AF74F6 152E99B7 B1FCF9BB E973DE7F 5BDDEB86 C71E3B49 1765308B 
  5FB0DA06 B92AFE7F 494E8A9E 07B85737 F3A58BE1 1A48A229 C37C1E69 39F08678 
  80DDCD16 D6BACECA EEBC7CF9 8428787B 35202CDC 60E4616A B623CDBD 230E3AFB 
  418616A9 4093E049 4D10AB75 27E86F73 932E35B5 8862FDAE 0275156F 719BB2F0 
  D697DF7F 28
        quit
!
license udi pid CSR1000V sn 970AFVAM7TV
diagnostic bootup level minimal
memory free low-watermark processor 72329
!
!
spanning-tree extend system-id
!
username admin privilege 15 secret 9 $9$3V6L3V6L2VUI2k$ysPnXOdg8RLj9KgMdmfHdSHkdaMmiHzGaUpcqH6pfTo
!
redundancy
!
!
!
no crypto ikev2 diagnose error
!         
!
!
! 
!
!
!
!
!
!
!
!
!
!
!
!
! 
! 
!
!
interface Loopback65528
 vrf forwarding 65528
 ip address 192.168.1.1 255.255.255.255
!         
interface Tunnel1
 ip unnumbered GigabitEthernet1
 no ip redirects
 ipv6 unnumbered GigabitEthernet1
 no ipv6 redirects
 tunnel source GigabitEthernet1
 tunnel mode sdwan
!
interface GigabitEthernet1
 ip address 100.4.2.2 255.255.255.0
 negotiation auto
 arp timeout 1200
 no mop enabled
 no mop sysid
!
interface GigabitEthernet2
 vrf forwarding 1
 ip address 10.0.4.3 255.255.255.0
 negotiation auto
 vrrp 1 address-family ipv4
  timers advertise 100
  vrrpv2
  track omp shutdown
  address 10.0.4.1 primary
  exit-vrrp
 arp timeout 1200
 no mop enabled
 no mop sysid
!
interface GigabitEthernet3
 no ip address
 negotiation auto
 no mop enabled
 no mop sysid
!
interface GigabitEthernet4
 no ip address
 negotiation auto
 no mop enabled
 no mop sysid
!
router omp
!
ip forward-protocol nd
no ip http server
ip http secure-server
!
ip nat route vrf 65528 0.0.0.0 0.0.0.0 global
no ip nat service skinny tcp port 2000
no ip nat service sip tcp port 5060
no ip nat service sip udp port 5060
no ip nat service H225
no ip nat service ras
no ip nat service rtsp udp
no ip nat service rtsp tcp
no ip nat service dns tcp
no ip nat service dns udp
no ip nat service netbios-ns tcp
no ip nat service netbios-ns udp
no ip nat service netbios-ssn
no ip nat service netbios-dgm
no ip nat service ldap
no ip nat service sunrpc udp
no ip nat service sunrpc tcp
no ip nat service msrpc tcp
no ip nat service tftp
no ip nat service rcmd
no ip nat service pptp
no ip nat service ftp
no ip nat service gatekeeper
no ip nat service dns-reset-ttl
ip route 0.0.0.0 0.0.0.0 100.4.2.1
ip scp server enable
!
!
!
!
!
!
!
!
!
control-plane
!
!
!
!
!
!
line con 0
 stopbits 1
line vty 0 4
 transport input ssh
line vty 5 80
 transport input ssh
!
nat64 translation timeout udp 1
nat64 translation timeout tcp 60
!
!
!
!
!
netconf-yang
netconf-yang feature candidate-datastore
end

