Internet>en
Internet#sh run
Building configuration...

Current configuration : 3349 bytes
!
version 15.7
service timestamps debug datetime msec
service timestamps log datetime msec
no service password-encryption
!
hostname Internet
!
boot-start-marker
boot-end-marker
!
!
!
no aaa new-model
!
!
!
mmi polling-interval 60
no mmi auto-configure
no mmi pvc
mmi snmp-timeout 180
!         
!
!
!
!
!
!
!
!
!
!
ip cef
no ipv6 cef
!
multilink bundle-name authenticated
!
!
!
!
!
redundancy
!
!
!         
!
!
!
!
!
!
!
!
!
!
!
!
interface GigabitEthernet0/0
 ip address 10.0.0.1 255.255.255.0
 duplex auto
 speed auto
 media-type rj45
!
interface GigabitEthernet0/1
 ip address 100.2.1.1 255.255.255.252
 duplex auto
 speed auto
 media-type rj45
!
interface GigabitEthernet0/2
 ip address 100.2.2.1 255.255.255.252
 duplex auto
 speed auto
 media-type rj45
!
interface GigabitEthernet0/3
 ip address 100.3.1.1 255.255.255.252
 duplex auto
 speed auto
 media-type rj45
!
interface GigabitEthernet0/4
 ip address 100.3.2.1 255.255.255.252
 duplex auto
 speed auto
 media-type rj45
!
interface GigabitEthernet0/5
 ip address 100.4.1.1 255.255.255.252
 duplex auto
 speed auto
 media-type rj45
!
interface GigabitEthernet0/6
 ip address 100.4.2.1 255.255.255.252
 duplex auto
 speed auto
 media-type rj45
!
interface GigabitEthernet0/7
 no ip address
 shutdown
 duplex auto
 speed auto
 media-type rj45
!
ip forward-protocol nd
!
!
no ip http server
no ip http secure-server
!
ipv6 ioam timestamp
!         
!
!
control-plane
!
banner exec ^C
**************************************************************************
* IOSv is strictly limited to use for evaluation, demonstration and IOS  *
* education. IOSv is provided as-is and is not supported by Cisco's      *
* Technical Advisory Center. Any use or disclosure, in whole or in part, *
* of the IOSv Software or Documentation to any third party for any       *
* purposes is expressly prohibited except as otherwise authorized by     *
* Cisco in writing.                                                      *
**************************************************************************^C
banner incoming ^C
**************************************************************************
* IOSv is strictly limited to use for evaluation, demonstration and IOS  *
* education. IOSv is provided as-is and is not supported by Cisco's      *
* Technical Advisory Center. Any use or disclosure, in whole or in part, *
* of the IOSv Software or Documentation to any third party for any       *
* purposes is expressly prohibited except as otherwise authorized by     *
* Cisco in writing.                                                      *
**************************************************************************^C
banner login ^C
**************************************************************************
* IOSv is strictly limited to use for evaluation, demonstration and IOS  *
* education. IOSv is provided as-is and is not supported by Cisco's      *
* Technical Advisory Center. Any use or disclosure, in whole or in part, *
* of the IOSv Software or Documentation to any third party for any       *
* purposes is expressly prohibited except as otherwise authorized by     *
* Cisco in writing.                                                      *
**************************************************************************^C
!
line con 0
line aux 0
line vty 0 4
 login
 transport input none
!
no scheduler allocate
!
end

