vsmart# dhow
        ^
% Invalid input detected at '^' marker.
vsmart# show run
system
 host-name             vsmart
 system-ip             1.1.1.4
 site-id               1
 admin-tech-on-failure
 organization-name     IMANMTZ
 vbond 10.0.0.2
 aaa
  auth-order local radius tacacs
  usergroup basic
   task system read write
   task interface read write
  !
  usergroup netadmin
  !
  usergroup operator
   task system read
   task interface read
   task policy read
   task routing read
   task security read
  !
  usergroup tenantadmin
  !
  user admin
   password $6$ZGZ0gy/UTSm5XS1u$5pZU4KZGsSr39rjywzxL.X7Ii0WmsrX2wwjmxo7LTTIeGz1gez5sIgrtHRJRYctJx6QEXKbzctyRNuEqrF2f8/
  !
 !
 logging
  disk
   enable
  !
 !
!
omp
 no shutdown
 graceful-restart
!
vpn 0
 interface eth0
  ip address 10.0.0.4/24
  ipv6 dhcp-client
  tunnel-interface
   allow-service all
   allow-service dhcp
   allow-service dns
   allow-service icmp
   no allow-service sshd
   no allow-service netconf
   no allow-service ntp
   no allow-service stun
  !
  no shutdown
 !
 ip route 0.0.0.0/0 10.0.0.1
!
vpn 512
!
